5. QUALITY ANALISIS AND MAPPING TO REFERENCE GENOME
------------------------------------------------------
Started analysis of input_1.fq.gz
Approx 5% complete for input_1.fq.gz
Approx 10% complete for input_1.fq.gz
Approx 15% complete for input_1.fq.gz
Approx 20% complete for input_1.fq.gz
Approx 25% complete for input_1.fq.gz
Approx 30% complete for input_1.fq.gz
Approx 35% complete for input_1.fq.gz
Approx 40% complete for input_1.fq.gz
Approx 45% complete for input_1.fq.gz
Approx 50% complete for input_1.fq.gz
Approx 55% complete for input_1.fq.gz
Approx 60% complete for input_1.fq.gz
Approx 65% complete for input_1.fq.gz
Approx 70% complete for input_1.fq.gz
Approx 75% complete for input_1.fq.gz
Approx 80% complete for input_1.fq.gz
Approx 85% complete for input_1.fq.gz
Approx 90% complete for input_1.fq.gz
Approx 95% complete for input_1.fq.gz
Analysis complete for input_1.fq.gz
12307883 reads; of these:
  12307883 (100.00%) were unpaired; of these:
    568974 (4.62%) aligned 0 times
    7897434 (64.17%) aligned exactly 1 time
    3841475 (31.21%) aligned >1 times
95.38% overall alignment rate
[bam_sort_core] merging from 3 files and 1 in-memory blocks...

Mapping succesfully done. You're doing a great job

Numbers of replicates processed are 4

4
All replicates have been processed
Generating a blackboard for the peak.call
Submitted batch job 2571
