5. QUALITY ANALISIS AND MAPPING TO REFERENCE GENOME
------------------------------------------------------
Started analysis of chip_1.fq.gz
Approx 5% complete for chip_1.fq.gz
Approx 10% complete for chip_1.fq.gz
Approx 15% complete for chip_1.fq.gz
Approx 20% complete for chip_1.fq.gz
Approx 25% complete for chip_1.fq.gz
Approx 30% complete for chip_1.fq.gz
Approx 35% complete for chip_1.fq.gz
Approx 40% complete for chip_1.fq.gz
Approx 45% complete for chip_1.fq.gz
Approx 50% complete for chip_1.fq.gz
Approx 55% complete for chip_1.fq.gz
Approx 60% complete for chip_1.fq.gz
Approx 65% complete for chip_1.fq.gz
Approx 70% complete for chip_1.fq.gz
Approx 75% complete for chip_1.fq.gz
Approx 80% complete for chip_1.fq.gz
Approx 85% complete for chip_1.fq.gz
Approx 90% complete for chip_1.fq.gz
Approx 95% complete for chip_1.fq.gz
Analysis complete for chip_1.fq.gz
11113288 reads; of these:
  11113288 (100.00%) were unpaired; of these:
    1086091 (9.77%) aligned 0 times
    8597430 (77.36%) aligned exactly 1 time
    1429767 (12.87%) aligned >1 times
90.23% overall alignment rate
[bam_sort_core] merging from 2 files and 1 in-memory blocks...
rm: cannot remove 'chip_1.fq.gz': No such file or directory

Mapping succesfully done. You're doing a great job

Numbers of replicates processed are 3

4
Not all replicates have been processed. Please wait. Currently, 3 replicates processed
